2025-04-20 08:55:00:659 [Appium] Welcome to Appium v2.17.1
2025-04-20 08:55:00:673 [Appium] Non-default server args:
2025-04-20 08:55:00:700 [Appium] { address: '127.0.0.1', basePath: '/wd/hub/', port: 1111 }
2025-04-20 08:55:00:701 [Appium] The autodetected Appium home path: /Users/mac/.appium
2025-04-20 08:55:00:715 [Appium] Attempting to load driver xcuitest...
2025-04-20 08:55:00:716 [Appium] Attempting to load driver uiautomator2...
2025-04-20 08:55:00:726 [Appium] Requiring driver at /Users/mac/.appium/node_modules/appium-xcuitest-driver/build/index.js
2025-04-20 08:55:00:732 [Appium] Requiring driver at /Users/mac/.appium/node_modules/appium-uiautomator2-driver/build/index.js
2025-04-20 08:55:03:999 [Appium] XCUITestDriver has been successfully loaded in 3.283s
2025-04-20 08:55:03:999 [Appium] AndroidUiautomator2Driver has been successfully loaded in 3.283s
2025-04-20 08:55:04:030 [Appium] Appium REST http interface listener started on http://127.0.0.1:1111/wd/hub
2025-04-20 08:55:04:031 [Appium] Available drivers:
2025-04-20 08:55:04:031 [Appium]   - xcuitest@7.26.4 (automationName 'XCUITest')
2025-04-20 08:55:04:032 [Appium]   - uiautomator2@3.8.0 (automationName 'UiAutomator2')
2025-04-20 08:55:04:032 [Appium] No plugins have been installed. Use the "appium plugin" command to install the one(s) you want to use.
2025-04-20 08:55:04:225 [HTTP] --> GET /wd/hub/status {}
2025-04-20 08:55:04:227 [AppiumDriver@9d1d] Calling AppiumDriver.getStatus() with args: []
2025-04-20 08:55:04:229 [AppiumDriver@9d1d] Responding to client with driver.getStatus() result: {"ready":true,"message":"The server is ready to accept new connections","build":{"version":"2.17.1"}}
2025-04-20 08:55:04:234 [HTTP] <-- GET /wd/hub/status 200 6 ms - 111 
2025-04-20 08:55:10:037 [HTTP] Request idempotency key: a95c1b8b-3fb0-482f-b73d-9d18d40d1821
2025-04-20 08:55:10:056 [HTTP] --> POST /session {"capabilities":{"firstMatch":[{"appium:noReset":"true","appium:appActivity":"com.saucelabs.mydemoapp.android.view.activities.SplashActivity","appium:deviceName":"emulator-5554","platformName":"ANDROID","appium:automationName":"UiAutomator2","appium:fullReset":"false","appium:app":"/Users/mac/Documents/Appium-Android-IOS-Automation/src/test/resources/androidapp/app-android.apk","appium:platformVersion":"15","appium:appPackage":"com.saucelabs.mydemoapp.android"}]}}
2025-04-20 08:55:10:065 [HTTP] No route found for /session
2025-04-20 08:55:10:069 [HTTP] <-- POST /session 404 12 ms - 211 
2025-04-20 08:56:05:568 [Appium] Received SIGINT - shutting down
