[38;5;112m[Appium][0m Welcome to Appium v2.17.1
[38;5;112m[Appium][0m Non-default server args:
[38;5;112m[Appium][0m { basePath: [32m'/wd/hub'[39m }
[38;5;112m[Appium][0m The autodetected Appium home path: /Users/mac/.appium
[38;5;112m[Appium][0m Attempting to load driver xcuitest...
[38;5;112m[Appium][0m Attempting to load driver uiautomator2...
[38;5;112m[Appium][0m Requiring driver at /Users/mac/.appium/node_modules/appium-xcuitest-driver/build/index.js
[38;5;112m[Appium][0m Requiring driver at /Users/mac/.appium/node_modules/appium-uiautomator2-driver/build/index.js
[38;5;112m[Appium][0m XCUITestDriver has been successfully loaded in 2.581s
[38;5;112m[Appium][0m AndroidUiautomator2Driver has been successfully loaded in 2.580s
[38;5;112m[Appium][0m Starting auto register thread for the grid. Will try to register every 1000 ms.
[38;5;112m[Appium][0m Appium REST http interface listener started on http://0.0.0.0:4723/wd/hub
[38;5;112m[Appium][0m You can provide the following URLs in your client code to connect to this server:
	http://127.0.0.1:4723/wd/hub (only accessible from the same host)
	http://192.168.1.248:4723/wd/hub
[38;5;112m[Appium][0m Available drivers:
[38;5;112m[Appium][0m   - xcuitest@7.26.4 (automationName 'XCUITest')
[38;5;112m[Appium][0m   - uiautomator2@3.8.0 (automationName 'UiAutomator2')
[38;5;112m[Appium][0m No plugins have been installed. Use the "appium plugin" command to install the one(s) you want to use.
[38;5;112m[Appium][0m Appium successfully registered with the the grid on http://192.168.1.248:4444
[38;5;86m[HTTP][0m [37m-->[39m [37mGET[39m [37m/wd/hub/status[39m {}
[38;5;143m[AppiumDriver@9659][0m Calling AppiumDriver.getStatus() with args: []
[38;5;143m[AppiumDriver@9659][0m Responding to client with driver.getStatus() result: {"ready":true,"message":"The server is ready to accept new connections","build":{"version":"2.17.1"}}
[38;5;86m[HTTP][0m <-- GET /wd/hub/status 200 14 ms - 111 
[38;5;86m[HTTP][0m [37m-->[39m [37mGET[39m [37m/wd/hub/status[39m {}
[38;5;143m[AppiumDriver@9659][0m Calling AppiumDriver.getStatus() with args: []
[38;5;143m[AppiumDriver@9659][0m Responding to client with driver.getStatus() result: {"ready":true,"message":"The server is ready to accept new connections","build":{"version":"2.17.1"}}
[38;5;86m[HTTP][0m <-- GET /wd/hub/status 200 3 ms - 111 
[38;5;86m[HTTP][0m [37m-->[39m [37mGET[39m [37m/wd/hub/status[39m {}
[38;5;143m[AppiumDriver@9659][0m Calling AppiumDriver.getStatus() with args: []
[38;5;143m[AppiumDriver@9659][0m Responding to client with driver.getStatus() result: {"ready":true,"message":"The server is ready to accept new connections","build":{"version":"2.17.1"}}
[38;5;86m[HTTP][0m <-- GET /wd/hub/status 200 1 ms - 111 
[38;5;86m[HTTP][0m [37m-->[39m [37mGET[39m [37m/wd/hub/status[39m {}
[38;5;143m[AppiumDriver@9659][0m Calling AppiumDriver.getStatus() with args: []
[38;5;143m[AppiumDriver@9659][0m Responding to client with driver.getStatus() result: {"ready":true,"message":"The server is ready to accept new connections","build":{"version":"2.17.1"}}
[38;5;86m[HTTP][0m <-- GET /wd/hub/status 200 1 ms - 111 
[38;5;86m[HTTP][0m [37m-->[39m [37mGET[39m [37m/wd/hub/status[39m {}
[38;5;143m[AppiumDriver@9659][0m Calling AppiumDriver.getStatus() with args: []
[38;5;143m[AppiumDriver@9659][0m Responding to client with driver.getStatus() result: {"ready":true,"message":"The server is ready to accept new connections","build":{"version":"2.17.1"}}
[38;5;86m[HTTP][0m <-- GET /wd/hub/status 200 2 ms - 111 
[38;5;86m[HTTP][0m [37m-->[39m [37mGET[39m [37m/wd/hub/status[39m {}
[38;5;143m[AppiumDriver@9659][0m Calling AppiumDriver.getStatus() with args: []
[38;5;143m[AppiumDriver@9659][0m Responding to client with driver.getStatus() result: {"ready":true,"message":"The server is ready to accept new connections","build":{"version":"2.17.1"}}
[38;5;86m[HTTP][0m <-- GET /wd/hub/status 200 1 ms - 111 
[38;5;86m[HTTP][0m [37m-->[39m [37mGET[39m [37m/wd/hub/status[39m {}
[38;5;143m[AppiumDriver@9659][0m Calling AppiumDriver.getStatus() with args: []
[38;5;143m[AppiumDriver@9659][0m Responding to client with driver.getStatus() result: {"ready":true,"message":"The server is ready to accept new connections","build":{"version":"2.17.1"}}
[38;5;86m[HTTP][0m <-- GET /wd/hub/status 200 1 ms - 111 
[38;5;86m[HTTP][0m [37m-->[39m [37mGET[39m [37m/wd/hub/status[39m {}
[38;5;143m[AppiumDriver@9659][0m Calling AppiumDriver.getStatus() with args: []
[38;5;143m[AppiumDriver@9659][0m Responding to client with driver.getStatus() result: {"ready":true,"message":"The server is ready to accept new connections","build":{"version":"2.17.1"}}
[38;5;86m[HTTP][0m <-- GET /wd/hub/status 200 1 ms - 111 
[38;5;86m[HTTP][0m [37m-->[39m [37mGET[39m [37m/wd/hub/status[39m {}
[38;5;143m[AppiumDriver@9659][0m Calling AppiumDriver.getStatus() with args: []
[38;5;143m[AppiumDriver@9659][0m Responding to client with driver.getStatus() result: {"ready":true,"message":"The server is ready to accept new connections","build":{"version":"2.17.1"}}
[38;5;86m[HTTP][0m <-- GET /wd/hub/status 200 1 ms - 111 
[38;5;86m[HTTP][0m [37m-->[39m [37mGET[39m [37m/wd/hub/status[39m {}
[38;5;143m[AppiumDriver@9659][0m Calling AppiumDriver.getStatus() with args: []
[38;5;143m[AppiumDriver@9659][0m Responding to client with driver.getStatus() result: {"ready":true,"message":"The server is ready to accept new connections","build":{"version":"2.17.1"}}
[38;5;86m[HTTP][0m <-- GET /wd/hub/status 200 1 ms - 111 
[38;5;86m[HTTP][0m [37m-->[39m [37mGET[39m [37m/wd/hub/status[39m {}
[38;5;143m[AppiumDriver@9659][0m Calling AppiumDriver.getStatus() with args: []
[38;5;143m[AppiumDriver@9659][0m Responding to client with driver.getStatus() result: {"ready":true,"message":"The server is ready to accept new connections","build":{"version":"2.17.1"}}
[38;5;86m[HTTP][0m <-- GET /wd/hub/status 200 4 ms - 111 
[38;5;86m[HTTP][0m [37m-->[39m [37mGET[39m [37m/wd/hub/status[39m {}
[38;5;143m[AppiumDriver@9659][0m Calling AppiumDriver.getStatus() with args: []
[38;5;143m[AppiumDriver@9659][0m Responding to client with driver.getStatus() result: {"ready":true,"message":"The server is ready to accept new connections","build":{"version":"2.17.1"}}
[38;5;86m[HTTP][0m <-- GET /wd/hub/status 200 3 ms - 111 
[38;5;86m[HTTP][0m [37m-->[39m [37mGET[39m [37m/wd/hub/status[39m {}
[38;5;143m[AppiumDriver@9659][0m Calling AppiumDriver.getStatus() with args: []
[38;5;143m[AppiumDriver@9659][0m Responding to client with driver.getStatus() result: {"ready":true,"message":"The server is ready to accept new connections","build":{"version":"2.17.1"}}
[38;5;86m[HTTP][0m <-- GET /wd/hub/status 200 1 ms - 111 
[38;5;86m[HTTP][0m [37m-->[39m [37mGET[39m [37m/wd/hub/status[39m {}
[38;5;143m[AppiumDriver@9659][0m Calling AppiumDriver.getStatus() with args: []
[38;5;143m[AppiumDriver@9659][0m Responding to client with driver.getStatus() result: {"ready":true,"message":"The server is ready to accept new connections","build":{"version":"2.17.1"}}
[38;5;86m[HTTP][0m <-- GET /wd/hub/status 200 1 ms - 111 
[38;5;86m[HTTP][0m [37m-->[39m [37mGET[39m [37m/wd/hub/status[39m {}
[38;5;143m[AppiumDriver@9659][0m Calling AppiumDriver.getStatus() with args: []
[38;5;143m[AppiumDriver@9659][0m Responding to client with driver.getStatus() result: {"ready":true,"message":"The server is ready to accept new connections","build":{"version":"2.17.1"}}
[38;5;86m[HTTP][0m <-- GET /wd/hub/status 200 1 ms - 111 
[38;5;86m[HTTP][0m [37m-->[39m [37mGET[39m [37m/wd/hub/status[39m {}
[38;5;143m[AppiumDriver@9659][0m Calling AppiumDriver.getStatus() with args: []
[38;5;143m[AppiumDriver@9659][0m Responding to client with driver.getStatus() result: {"ready":true,"message":"The server is ready to accept new connections","build":{"version":"2.17.1"}}
[38;5;86m[HTTP][0m <-- GET /wd/hub/status 200 2 ms - 111 
[38;5;86m[HTTP][0m [37m-->[39m [37mGET[39m [37m/wd/hub/status[39m {}
[38;5;143m[AppiumDriver@9659][0m Calling AppiumDriver.getStatus() with args: []
[38;5;143m[AppiumDriver@9659][0m Responding to client with driver.getStatus() result: {"ready":true,"message":"The server is ready to accept new connections","build":{"version":"2.17.1"}}
[38;5;86m[HTTP][0m <-- GET /wd/hub/status 200 1 ms - 111 
[38;5;86m[HTTP][0m [37m-->[39m [37mGET[39m [37m/wd/hub/status[39m {}
[38;5;143m[AppiumDriver@9659][0m Calling AppiumDriver.getStatus() with args: []
[38;5;143m[AppiumDriver@9659][0m Responding to client with driver.getStatus() result: {"ready":true,"message":"The server is ready to accept new connections","build":{"version":"2.17.1"}}
[38;5;86m[HTTP][0m <-- GET /wd/hub/status 200 3 ms - 111 
[38;5;86m[HTTP][0m [37m-->[39m [37mGET[39m [37m/wd/hub/status[39m {}
[38;5;143m[AppiumDriver@9659][0m Calling AppiumDriver.getStatus() with args: []
[38;5;143m[AppiumDriver@9659][0m Responding to client with driver.getStatus() result: {"ready":true,"message":"The server is ready to accept new connections","build":{"version":"2.17.1"}}
[38;5;86m[HTTP][0m <-- GET /wd/hub/status 200 2 ms - 111 
[38;5;86m[HTTP][0m [37m-->[39m [37mGET[39m [37m/wd/hub/status[39m {}
[38;5;143m[AppiumDriver@9659][0m Calling AppiumDriver.getStatus() with args: []
[38;5;143m[AppiumDriver@9659][0m Responding to client with driver.getStatus() result: {"ready":true,"message":"The server is ready to accept new connections","build":{"version":"2.17.1"}}
[38;5;86m[HTTP][0m <-- GET /wd/hub/status 200 1 ms - 111 
[38;5;86m[HTTP][0m [37m-->[39m [37mGET[39m [37m/wd/hub/status[39m {}
[38;5;143m[AppiumDriver@9659][0m Calling AppiumDriver.getStatus() with args: []
[38;5;143m[AppiumDriver@9659][0m Responding to client with driver.getStatus() result: {"ready":true,"message":"The server is ready to accept new connections","build":{"version":"2.17.1"}}
[38;5;86m[HTTP][0m <-- GET /wd/hub/status 200 1 ms - 111 
[38;5;86m[HTTP][0m [37m-->[39m [37mGET[39m [37m/wd/hub/status[39m {}
