2025-04-12 13:43:23:110 [Appium] Welcome to Appium v2.17.1
2025-04-12 13:43:23:114 [Appium] Non-default server args:
2025-04-12 13:43:23:118 [Appium] { address: '127.0.0.1',
  basePath: '/wd/hub/',
  port: 4725,
  relaxedSecurityEnabled: true }
2025-04-12 13:43:23:119 [Appium] The autodetected Appium home path: /Users/mac/.appium
2025-04-12 13:43:23:126 [Appium] Attempting to load driver xcuitest...
2025-04-12 13:43:23:128 [Appium] Attempting to load driver uiautomator2...
2025-04-12 13:43:23:131 [Appium] Requiring driver at /Users/mac/.appium/node_modules/appium-xcuitest-driver/build/index.js
2025-04-12 13:43:23:138 [Appium] Requiring driver at /Users/mac/.appium/node_modules/appium-uiautomator2-driver/build/index.js
2025-04-12 13:43:24:953 [Appium] XCUITestDriver has been successfully loaded in 1.826s
2025-04-12 13:43:24:954 [Appium] AndroidUiautomator2Driver has been successfully loaded in 1.826s
2025-04-12 13:43:25:040 [Appium] Appium REST http interface listener started on http://127.0.0.1:4725/wd/hub
2025-04-12 13:43:25:041 [Appium] Available drivers:
2025-04-12 13:43:25:041 [Appium]   - xcuitest@7.26.4 (automationName 'XCUITest')
2025-04-12 13:43:25:042 [Appium]   - uiautomator2@3.8.0 (automationName 'UiAutomator2')
2025-04-12 13:43:25:043 [Appium] No plugins have been installed. Use the "appium plugin" command to install the one(s) you want to use.
2025-04-12 13:43:25:194 [HTTP] --> GET /wd/hub/status {}
2025-04-12 13:43:25:195 [AppiumDriver@0c57] Calling AppiumDriver.getStatus() with args: []
2025-04-12 13:43:25:197 [AppiumDriver@0c57] Responding to client with driver.getStatus() result: {"ready":true,"message":"The server is ready to accept new connections","build":{"version":"2.17.1"}}
2025-04-12 13:43:25:205 [HTTP] <-- GET /wd/hub/status 200 8 ms - 111 
2025-04-12 13:43:25:668 [HTTP] Request idempotency key: 8cf27feb-80fb-433c-ab8a-1b4e7545bfdd
2025-04-12 13:43:25:685 [HTTP] --> POST /wd/hub/session {"capabilities":{"firstMatch":[{"appium:systemPort":8202,"appium:appActivity":"com.saucelabs.mydemoapp.android.view.activities.SplashActivity","platformName":"ANDROID","appium:automationName":"UiAutomator2","appium:app":"/Users/mac/Documents/Appium-Android-IOS-Automation/src/test/resources/androidapp/app-android.apk","appium:platformVersion":"15","appium:appPackage":"com.saucelabs.mydemoapp.android"}]}}
2025-04-12 13:43:25:686 [AppiumDriver@0c57] Calling AppiumDriver.createSession() with args: [null,null,{"firstMatch":[{"appium:systemPort":8202,"appium:appActivity":"com.saucelabs.mydemoapp.android.view.activities.SplashActivity","platformName":"ANDROID","appium:automationName":"UiAutomator2","appium:app":"/Users/mac/Documents/Appium-Android-IOS-Automation/src/test/resources/androidapp/app-android.apk","appium:platformVersion":"15","appium:appPackage":"com.saucelabs.mydemoapp.android"}]}]
2025-04-12 13:43:25:687 [AppiumDriver@0c57] Event 'newSessionRequested' logged at 1744465405686 (20:43:25 GMT+0700 (Indochina Time))
2025-04-12 13:43:25:691 [Appium] Attempting to find matching driver for automationName 'UiAutomator2' and platformName 'ANDROID'
2025-04-12 13:43:25:692 [Appium] The 'uiautomator2' driver was installed and matched caps.
2025-04-12 13:43:25:692 [Appium] Will require it at /Users/mac/.appium/node_modules/appium-uiautomator2-driver
2025-04-12 13:43:25:694 [Appium] Requiring driver at /Users/mac/.appium/node_modules/appium-uiautomator2-driver/build/index.js
2025-04-12 13:43:25:695 [AppiumDriver@0c57] Appium v2.17.1 creating new AndroidUiautomator2Driver (v3.8.0) session
2025-04-12 13:43:25:695 [AppiumDriver@0c57] Checking BaseDriver versions for Appium and AndroidUiautomator2Driver
2025-04-12 13:43:25:695 [AppiumDriver@0c57] Appium's BaseDriver version is 9.16.4
2025-04-12 13:43:25:696 [AppiumDriver@0c57] AndroidUiautomator2Driver's BaseDriver version is 9.16.4
2025-04-12 13:43:25:700 [AppiumDriver@0c57] Applying relaxed security to 'AndroidUiautomator2Driver' as per server command line argument. All insecure features will be enabled unless explicitly disabled by --deny-insecure
2025-04-12 13:43:25:702 [38;5;-130m[AndroidUiautomator2Driver@b57c] 
2025-04-12 13:43:25:702 [38;5;-130m[AndroidUiautomator2Driver@b57c] Creating session with W3C capabilities: {
  "alwaysMatch": {
    "platformName": "ANDROID",
    "appium:systemPort": 8202,
    "appium:appActivity": "com.saucelabs.mydemoapp.android.view.activities.SplashActivity",
    "appium:automationName": "UiAutomator2",
    "appium:app": "/Users/mac/Documents/Appium-Android-IOS-Automation/src/test/resources/androidapp/app-android.apk",
    "appium:platformVersion": "15",
    "appium:appPackage": "com.saucelabs.mydemoapp.android"
  },
  "firstMatch": [
    {}
  ]
}
2025-04-12 13:43:25:713 [ae8e3fe5][38;5;-130m[AndroidUiautomator2Driver@b57c] Session created with session id: ae8e3fe5-bd3d-4d2c-90ed-1ee1577f215b
2025-04-12 13:43:25:733 [ae8e3fe5][ADB] Found 6 'build-tools' folders under '/Users/mac/Library/Android/sdk' (newest first):
2025-04-12 13:43:25:736 [ae8e3fe5][ADB]     /Users/mac/Library/Android/sdk/build-tools/36.0.0
2025-04-12 13:43:25:736 [ae8e3fe5][ADB]     /Users/mac/Library/Android/sdk/build-tools/36.0.0-rc3
2025-04-12 13:43:25:737 [ae8e3fe5][ADB]     /Users/mac/Library/Android/sdk/build-tools/35.0.0
2025-04-12 13:43:25:737 [ae8e3fe5][ADB]     /Users/mac/Library/Android/sdk/build-tools/30.0.3
2025-04-12 13:43:25:737 [ae8e3fe5][ADB]     /Users/mac/Library/Android/sdk/build-tools/30.0.2
2025-04-12 13:43:25:738 [ae8e3fe5][ADB]     /Users/mac/Library/Android/sdk/build-tools/29.0.2
2025-04-12 13:43:25:738 [ae8e3fe5][ADB] Using 'adb' from '/Users/mac/Library/Android/sdk/platform-tools/adb'
2025-04-12 13:43:25:739 [ae8e3fe5][ADB] Running '/Users/mac/Library/Android/sdk/platform-tools/adb -P 5037 start-server'
2025-04-12 13:43:25:774 [ae8e3fe5][38;5;-130m[AndroidUiautomator2Driver@b57c] Retrieving device list
2025-04-12 13:43:25:775 [ae8e3fe5][ADB] Trying to find connected Android devices
2025-04-12 13:43:25:775 [ae8e3fe5][ADB] Getting connected devices
2025-04-12 13:43:25:800 [ae8e3fe5][ADB] Connected devices: [{"udid":"28111FDH200H8V","state":"device"},{"udid":"emulator-5554","state":"device"}]
2025-04-12 13:43:25:801 [ae8e3fe5][38;5;-130m[AndroidUiautomator2Driver@b57c] Looking for a device with Android '15.0.0'
2025-04-12 13:43:25:801 [ae8e3fe5][ADB] Setting device id to 28111FDH200H8V
2025-04-12 13:43:25:802 [ae8e3fe5][ADB] Getting device platform version
2025-04-12 13:43:25:802 [ae8e3fe5][ADB] Running '/Users/mac/Library/Android/sdk/platform-tools/adb -P 5037 -s 28111FDH200H8V shell getprop ro.build.version.release'
2025-04-12 13:43:25:859 [ae8e3fe5][ADB] Current device property 'ro.build.version.release': 15
2025-04-12 13:43:25:859 [ae8e3fe5][38;5;-130m[AndroidUiautomator2Driver@b57c] Using device: 28111FDH200H8V
2025-04-12 13:43:25:860 [ae8e3fe5][ADB] Using 'adb' from '/Users/mac/Library/Android/sdk/platform-tools/adb'
2025-04-12 13:43:25:861 [ae8e3fe5][ADB] Running '/Users/mac/Library/Android/sdk/platform-tools/adb -P 5037 start-server'
2025-04-12 13:43:25:885 [ae8e3fe5][ADB] Setting device id to 28111FDH200H8V
2025-04-12 13:43:25:889 [ae8e3fe5][BaseDriver] Using local app '/Users/mac/Documents/Appium-Android-IOS-Automation/src/test/resources/androidapp/app-android.apk'
2025-04-12 13:43:25:947 [ae8e3fe5][38;5;-130m[AndroidUiautomator2Driver@b57c] Checking whether app is actually present
2025-04-12 13:43:25:948 [ae8e3fe5][ADB] Running '/Users/mac/Library/Android/sdk/platform-tools/adb -P 5037 -s 28111FDH200H8V shell getprop ro.build.version.sdk'
2025-04-12 13:43:25:999 [ae8e3fe5][ADB] Current device property 'ro.build.version.sdk': 35
2025-04-12 13:43:25:999 [ae8e3fe5][ADB] Getting device platform version
2025-04-12 13:43:25:999 [ae8e3fe5][ADB] Running '/Users/mac/Library/Android/sdk/platform-tools/adb -P 5037 -s 28111FDH200H8V shell getprop ro.build.version.release'
2025-04-12 13:43:26:050 [ae8e3fe5][ADB] Current device property 'ro.build.version.release': 15
2025-04-12 13:43:26:050 [ae8e3fe5][ADB] Device API level: 35
2025-04-12 13:43:26:050 [ae8e3fe5][38;5;-130m[AndroidUiautomator2Driver@b57c] Relaxing hidden api policy
2025-04-12 13:43:26:051 [ae8e3fe5][ADB] Running '/Users/mac/Library/Android/sdk/platform-tools/adb -P 5037 -s 28111FDH200H8V shell 'settings put global hidden_api_policy_pre_p_apps 1;settings put global hidden_api_policy_p_apps 1;settings put global hidden_api_policy 1''
2025-04-12 13:43:26:053 [ae8e3fe5][38;5;-130m[AndroidUiautomator2Driver@b57c] Pushing settings apk to the device...
2025-04-12 13:43:26:055 [ae8e3fe5][ADB] Getting package info for 'io.appium.settings'
2025-04-12 13:43:26:055 [ae8e3fe5][ADB] Running '/Users/mac/Library/Android/sdk/platform-tools/adb -P 5037 -s 28111FDH200H8V shell dumpsys package io.appium.settings'
2025-04-12 13:43:26:164 [ae8e3fe5][ADB] Using 'aapt2' from '/Users/mac/Library/Android/sdk/build-tools/36.0.0/aapt2'
2025-04-12 13:43:26:165 [ae8e3fe5][ADB] Reading package manifest: '/Users/mac/Library/Android/sdk/build-tools/36.0.0/aapt2 dump badging /Users/mac/.appium/node_modules/appium-uiautomator2-driver/node_modules/io.appium.settings/apks/settings_apk-debug.apk'
2025-04-12 13:43:26:192 [ae8e3fe5][ADB] The version name of the installed 'io.appium.settings' is greater or equal to the application version name ('5.12.13' >= '5.12.13')
2025-04-12 13:43:26:193 [ae8e3fe5][ADB] There is no need to install/upgrade '/Users/mac/.appium/node_modules/appium-uiautomator2-driver/node_modules/io.appium.settings/apks/settings_apk-debug.apk'
2025-04-12 13:43:26:194 [ae8e3fe5][ADB] Running '/Users/mac/Library/Android/sdk/platform-tools/adb -P 5037 -s 28111FDH200H8V shell dumpsys activity services io.appium.settings'
2025-04-12 13:43:26:281 [ae8e3fe5][38;5;-130m[AndroidUiautomator2Driver@b57c] io.appium.settings is already running. There is no need to reset its permissions.
2025-04-12 13:43:26:282 [ae8e3fe5][Logcat] Starting logs capture with command: /Users/mac/Library/Android/sdk/platform-tools/adb -P 5037 -s 28111FDH200H8V logcat -v threadtime
2025-04-12 13:43:26:287 [ae8e3fe5][ADB] Running '/Users/mac/Library/Android/sdk/platform-tools/adb -P 5037 -s 28111FDH200H8V shell appops set io.appium.settings android:mock_location allow'
2025-04-12 13:43:26:375 [ae8e3fe5][ADB] Running '/Users/mac/Library/Android/sdk/platform-tools/adb -P 5037 -s 28111FDH200H8V shell "[ -e '/data/local/tmp/mock_apps.json' ] && echo __PASS__"'
2025-04-12 13:43:26:458 [ae8e3fe5][ADB] Running '/Users/mac/Library/Android/sdk/platform-tools/adb -P 5037 -s 28111FDH200H8V shell cat /data/local/tmp/mock_apps.json'
2025-04-12 13:43:26:546 [ae8e3fe5][38;5;-130m[AndroidUiautomator2Driver@b57c] Forwarding UiAutomator2 Server port 6790 to local port 8202
2025-04-12 13:43:26:560 [ae8e3fe5][ADB] Forwarding system: 8202 to device: 6790
2025-04-12 13:43:26:562 [ae8e3fe5][ADB] Running '/Users/mac/Library/Android/sdk/platform-tools/adb -P 5037 -s 28111FDH200H8V forward tcp:8202 tcp:6790'
2025-04-12 13:43:26:616 [ae8e3fe5][38;5;-130m[AndroidUiautomator2Driver@b57c] UIA2Proxy options: {"server":"127.0.0.1","port":8202,"keepAlive":true,"scheme":"http","base":"","reqBasePath":"","sessionId":null,"timeout":240000}
2025-04-12 13:43:26:618 [ae8e3fe5][ADB] Getting package info for 'io.appium.uiautomator2.server'
2025-04-12 13:43:26:620 [ae8e3fe5][ADB] Running '/Users/mac/Library/Android/sdk/platform-tools/adb -P 5037 -s 28111FDH200H8V shell dumpsys package io.appium.uiautomator2.server'
2025-04-12 13:43:26:623 [ae8e3fe5][ADB] Getting install status for io.appium.uiautomator2.server.test
2025-04-12 13:43:26:624 [ae8e3fe5][ADB] Checking app cert for /Users/mac/Documents/Appium-Android-IOS-Automation/src/test/resources/androidapp/app-android.apk
2025-04-12 13:43:26:625 [ae8e3fe5][ADB] Running '/Users/mac/Library/Android/sdk/platform-tools/adb -P 5037 -s 28111FDH200H8V shell cmd package list packages'
2025-04-12 13:43:26:726 [ae8e3fe5][ADB] 'io.appium.uiautomator2.server.test' is installed
2025-04-12 13:43:26:869 [ae8e3fe5][ADB] Reading package manifest: '/Users/mac/Library/Android/sdk/build-tools/36.0.0/aapt2 dump badging /Users/mac/.appium/node_modules/appium-uiautomator2-driver/node_modules/appium-uiautomator2-server/apks/appium-uiautomator2-server-v7.0.25.apk'
2025-04-12 13:43:26:940 [ae8e3fe5][ADB] The version name of the installed 'io.appium.uiautomator2.server' is greater or equal to the application version name ('7.0.25' >= '7.0.25')
2025-04-12 13:43:26:941 [ae8e3fe5][38;5;-130m[AndroidUiautomator2Driver@b57c] Server packages status: [{"installState":"sameVersionInstalled","appPath":"/Users/mac/.appium/node_modules/appium-uiautomator2-driver/node_modules/appium-uiautomator2-server/apks/appium-uiautomator2-server-v7.0.25.apk","appId":"io.appium.uiautomator2.server"},{"installState":"sameVersionInstalled","appPath":"/Users/mac/.appium/node_modules/appium-uiautomator2-driver/node_modules/appium-uiautomator2-server/apks/appium-uiautomator2-server-debug-androidTest.apk","appId":"io.appium.uiautomator2.server.test"}]
2025-04-12 13:43:26:942 [ae8e3fe5][38;5;-130m[AndroidUiautomator2Driver@b57c] Server packages are not going to be (re)installed
2025-04-12 13:43:26:942 [ae8e3fe5][38;5;-130m[AndroidUiautomator2Driver@b57c] Waiting up to 30000ms for services to be available
2025-04-12 13:43:26:945 [ae8e3fe5][ADB] Running '/Users/mac/Library/Android/sdk/platform-tools/adb -P 5037 -s 28111FDH200H8V shell pm list instrumentation'
2025-04-12 13:43:27:070 [ae8e3fe5][38;5;-130m[AndroidUiautomator2Driver@b57c] Instrumentation target 'io.appium.uiautomator2.server.test/androidx.test.runner.AndroidJUnitRunner' is available
2025-04-12 13:43:27:074 [ae8e3fe5][ADB] Adding packages ["io.appium.settings","io.appium.uiautomator2.server","io.appium.uiautomator2.server.test"] to Doze whitelist
2025-04-12 13:43:27:075 [ae8e3fe5][ADB] Got the following command chunks to execute: [["dumpsys","deviceidle","whitelist","+io.appium.settings",";","dumpsys","deviceidle","whitelist","+io.appium.uiautomator2.server",";","dumpsys","deviceidle","whitelist","+io.appium.uiautomator2.server.test",";"]]
2025-04-12 13:43:27:080 [ae8e3fe5][ADB] Running '/Users/mac/Library/Android/sdk/platform-tools/adb -P 5037 -s 28111FDH200H8V shell dumpsys deviceidle whitelist +io.appium.settings ; dumpsys deviceidle whitelist +io.appium.uiautomator2.server ; dumpsys deviceidle whitelist +io.appium.uiautomator2.server.test ;'
2025-04-12 13:43:27:124 [ae8e3fe5][ADB] Using 'apksigner.jar' from '/Users/mac/Library/Android/sdk/build-tools/36.0.0/lib/apksigner.jar'
2025-04-12 13:43:27:126 [ae8e3fe5][ADB] Starting apksigner: /Users/mac/.sdkman/candidates/java/current/bin/java -Xmx1024M -Xss1m -jar /Users/mac/Library/Android/sdk/build-tools/36.0.0/lib/apksigner.jar verify --print-certs /Users/mac/Documents/Appium-Android-IOS-Automation/src/test/resources/androidapp/app-android.apk
2025-04-12 13:43:29:092 [ae8e3fe5][ADB] apksigner stdout: Signer #1 certificate DN: EMAILADDRESS=android@android.com, CN=Android, OU=Android, O=Android, L=Mountain View, ST=California, C=US
Signer #1 certificate SHA-256 digest: a40da80a59d170caa950cf15c18c454d47a39b26989d8b640ecd745ba71bf5dc
Signer #1 certificate SHA-1 digest: 61ed377e85d386a8dfee6b864bd85b0bfaa5af81
Signer #1 certificate MD5 digest: e89b158e4bcf988ebd09eb83f5378e87

2025-04-12 13:43:29:092 [ae8e3fe5][ADB] sha256 hash did match for 'app-android.apk'
2025-04-12 13:43:29:093 [ae8e3fe5][ADB] '/Users/mac/Documents/Appium-Android-IOS-Automation/src/test/resources/androidapp/app-android.apk' is signed with the default certificate
2025-04-12 13:43:29:093 [ae8e3fe5][ADB] Getting package info for 'com.saucelabs.mydemoapp.android'
2025-04-12 13:43:29:093 [ae8e3fe5][ADB] Running '/Users/mac/Library/Android/sdk/platform-tools/adb -P 5037 -s 28111FDH200H8V shell dumpsys package com.saucelabs.mydemoapp.android'
2025-04-12 13:43:29:186 [ae8e3fe5][ADB] Reading package manifest: '/Users/mac/Library/Android/sdk/build-tools/36.0.0/aapt2 dump badging /Users/mac/Documents/Appium-Android-IOS-Automation/src/test/resources/androidapp/app-android.apk'
2025-04-12 13:43:29:267 [ae8e3fe5][ADB] The version name of the installed 'com.saucelabs.mydemoapp.android' is greater or equal to the application version name ('1.0.0' >= '1.0.0')
2025-04-12 13:43:29:267 [ae8e3fe5][ADB] There is no need to install/upgrade '/Users/mac/Documents/Appium-Android-IOS-Automation/src/test/resources/androidapp/app-android.apk'
2025-04-12 13:43:29:267 [ae8e3fe5][38;5;-130m[AndroidUiautomator2Driver@b57c] Performing fast reset on 'com.saucelabs.mydemoapp.android'
2025-04-12 13:43:29:268 [ae8e3fe5][ADB] Getting install status for com.saucelabs.mydemoapp.android
2025-04-12 13:43:29:268 [ae8e3fe5][ADB] Running '/Users/mac/Library/Android/sdk/platform-tools/adb -P 5037 -s 28111FDH200H8V shell cmd package list packages'
2025-04-12 13:43:29:340 [ae8e3fe5][ADB] 'com.saucelabs.mydemoapp.android' is installed
2025-04-12 13:43:29:340 [ae8e3fe5][ADB] Running '/Users/mac/Library/Android/sdk/platform-tools/adb -P 5037 -s 28111FDH200H8V shell am force-stop com.saucelabs.mydemoapp.android'
2025-04-12 13:43:29:434 [ae8e3fe5][ADB] Running '/Users/mac/Library/Android/sdk/platform-tools/adb -P 5037 -s 28111FDH200H8V shell pm clear com.saucelabs.mydemoapp.android'
2025-04-12 13:43:29:562 [ae8e3fe5][38;5;-130m[AndroidUiautomator2Driver@b57c] Performed fast reset on the installed 'com.saucelabs.mydemoapp.android' application (stop and clear)
2025-04-12 13:43:29:563 [ae8e3fe5][38;5;-130m[AndroidUiautomator2Driver@b57c] Performing shallow cleanup of automation leftovers
2025-04-12 13:43:29:652 [ae8e3fe5][38;5;-130m[AndroidUiautomator2Driver@b57c] No obsolete sessions have been detected (socket hang up)
2025-04-12 13:43:29:652 [ae8e3fe5][ADB] Running '/Users/mac/Library/Android/sdk/platform-tools/adb -P 5037 -s 28111FDH200H8V shell am force-stop io.appium.uiautomator2.server'
2025-04-12 13:43:29:654 [ae8e3fe5][ADB] Running '/Users/mac/Library/Android/sdk/platform-tools/adb -P 5037 -s 28111FDH200H8V shell am force-stop io.appium.uiautomator2.server.test'
2025-04-12 13:43:29:763 [ae8e3fe5][38;5;-130m[AndroidUiautomator2Driver@b57c] Starting UIAutomator2 server 7.0.25
2025-04-12 13:43:29:764 [ae8e3fe5][38;5;-130m[AndroidUiautomator2Driver@b57c] Using UIAutomator2 server from '/Users/mac/.appium/node_modules/appium-uiautomator2-driver/node_modules/appium-uiautomator2-server/apks/appium-uiautomator2-server-v7.0.25.apk' and test from '/Users/mac/.appium/node_modules/appium-uiautomator2-driver/node_modules/appium-uiautomator2-server/apks/appium-uiautomator2-server-debug-androidTest.apk'
2025-04-12 13:43:29:764 [ae8e3fe5][38;5;-130m[AndroidUiautomator2Driver@b57c] Waiting up to 30000ms for UiAutomator2 to be online...
2025-04-12 13:43:29:764 [ae8e3fe5][ADB] Creating ADB subprocess with args: ["-P","5037","-s","28111FDH200H8V","shell","am","instrument","-w","-e","disableAnalytics","true","io.appium.uiautomator2.server.test/androidx.test.runner.AndroidJUnitRunner"]
2025-04-12 13:43:29:771 [ae8e3fe5][38;5;-130m[AndroidUiautomator2Driver@b57c] Matched '/status' to command name 'getStatus'
2025-04-12 13:43:29:773 [ae8e3fe5][38;5;-130m[AndroidUiautomator2Driver@b57c] Proxying [GET /status] to [GET http://127.0.0.1:8202/status] with no body
2025-04-12 13:43:29:840 [ae8e3fe5][38;5;-130m[AndroidUiautomator2Driver@b57c] socket hang up
2025-04-12 13:43:30:590 [ae8e3fe5][38;5;-130m[AndroidUiautomator2Driver@b57c] [Instrumentation] INSTRUMENTATION_RESULT: shortMsg=Process crashed.
2025-04-12 13:43:30:591 [ae8e3fe5][38;5;-130m[AndroidUiautomator2Driver@b57c] [Instrumentation] INSTRUMENTATION_CODE: 0
2025-04-12 13:43:30:611 [ae8e3fe5][38;5;-130m[AndroidUiautomator2Driver@b57c] [Instrumentation] The process has exited with code 0, signal null
2025-04-12 13:43:30:842 [ae8e3fe5][38;5;-130m[AndroidUiautomator2Driver@b57c] The instrumentation process has been unexpectedly terminated. Retrying UiAutomator2 startup (#1 of 1)
2025-04-12 13:43:30:842 [ae8e3fe5][38;5;-130m[AndroidUiautomator2Driver@b57c] Performing strict cleanup of automation leftovers
2025-04-12 13:43:30:849 [ae8e3fe5][38;5;-130m[AndroidUiautomator2Driver@b57c] No obsolete sessions have been detected (socket hang up)
2025-04-12 13:43:30:849 [ae8e3fe5][ADB] Running '/Users/mac/Library/Android/sdk/platform-tools/adb -P 5037 -s 28111FDH200H8V shell am force-stop io.appium.uiautomator2.server'
2025-04-12 13:43:30:850 [ae8e3fe5][ADB] Running '/Users/mac/Library/Android/sdk/platform-tools/adb -P 5037 -s 28111FDH200H8V shell am force-stop io.appium.uiautomator2.server.test'
2025-04-12 13:43:30:928 [ae8e3fe5][ADB] Attempting to kill all uiautomator processes
2025-04-12 13:43:30:928 [ae8e3fe5][ADB] Getting IDs of all 'uiautomator' processes
2025-04-12 13:43:30:929 [ae8e3fe5][ADB] Running '/Users/mac/Library/Android/sdk/platform-tools/adb -P 5037 -s 28111FDH200H8V shell 'pgrep --help; echo $?''
2025-04-12 13:43:30:980 [ae8e3fe5][ADB] Running '/Users/mac/Library/Android/sdk/platform-tools/adb -P 5037 -s 28111FDH200H8V shell pgrep -f \(\[\[:blank:\]\]\|\^\)uiautomator\(\[\[:blank:\]\]\|\$\)'
2025-04-12 13:43:31:075 [ae8e3fe5][ADB] No 'uiautomator' process has been found
2025-04-12 13:43:34:084 [ae8e3fe5][38;5;-130m[AndroidUiautomator2Driver@b57c] Waiting up to 30000ms for UiAutomator2 to be online...
2025-04-12 13:43:34:085 [ae8e3fe5][ADB] Creating ADB subprocess with args: ["-P","5037","-s","28111FDH200H8V","shell","am","instrument","-w","-e","disableAnalytics","true","io.appium.uiautomator2.server.test/androidx.test.runner.AndroidJUnitRunner"]
2025-04-12 13:43:34:093 [ae8e3fe5][38;5;-130m[AndroidUiautomator2Driver@b57c] Matched '/status' to command name 'getStatus'
2025-04-12 13:43:34:095 [ae8e3fe5][38;5;-130m[AndroidUiautomator2Driver@b57c] Proxying [GET /status] to [GET http://127.0.0.1:8202/status] with no body
2025-04-12 13:43:34:113 [ae8e3fe5][38;5;-130m[AndroidUiautomator2Driver@b57c] socket hang up
2025-04-12 13:43:34:718 [ae8e3fe5][38;5;-130m[AndroidUiautomator2Driver@b57c] [Instrumentation] INSTRUMENTATION_RESULT: shortMsg=Process crashed.
2025-04-12 13:43:34:719 [ae8e3fe5][38;5;-130m[AndroidUiautomator2Driver@b57c] [Instrumentation] INSTRUMENTATION_CODE: 0
2025-04-12 13:43:34:746 [ae8e3fe5][38;5;-130m[AndroidUiautomator2Driver@b57c] [Instrumentation] The process has exited with code 0, signal null
2025-04-12 13:43:35:115 [ae8e3fe5][38;5;-130m[AndroidUiautomator2Driver@b57c] [
  'The instrumentation process cannot be initialized. Make sure the application under test does not crash and investigate the logcat output.'
]
2025-04-12 13:43:35:116 [ae8e3fe5][38;5;-130m[AndroidUiautomator2Driver@b57c] Deleting UiAutomator2 session
2025-04-12 13:43:35:116 [ae8e3fe5][38;5;-130m[AndroidUiautomator2Driver@b57c] Deleting UiAutomator2 server session
2025-04-12 13:43:35:117 [ae8e3fe5][38;5;-130m[AndroidUiautomator2Driver@b57c] Did not get confirmation UiAutomator2 deleteSession worked; Error was: UnknownError: An unknown server-side error occurred while processing the command. Original error: 'DELETE /' cannot be proxied to UiAutomator2 server because the instrumentation process is not running (probably crashed). Check the server log and/or the logcat output for more details
2025-04-12 13:43:35:117 [ae8e3fe5][ADB] Running '/Users/mac/Library/Android/sdk/platform-tools/adb -P 5037 -s 28111FDH200H8V shell dumpsys activity services io.appium.settings/.recorder.RecorderService'
2025-04-12 13:43:35:119 [ae8e3fe5][ADB] Running '/Users/mac/Library/Android/sdk/platform-tools/adb -P 5037 -s 28111FDH200H8V shell am force-stop com.saucelabs.mydemoapp.android'
2025-04-12 13:43:35:200 [ae8e3fe5][ADB] Removing forwarded port socket connection: 8202 
2025-04-12 13:43:35:200 [ae8e3fe5][ADB] Running '/Users/mac/Library/Android/sdk/platform-tools/adb -P 5037 -s 28111FDH200H8V forward --remove tcp:8202'
2025-04-12 13:43:35:235 [ae8e3fe5][38;5;-130m[AndroidUiautomator2Driver@b57c] Restoring hidden api policy to the device default configuration
2025-04-12 13:43:35:236 [ae8e3fe5][ADB] Running '/Users/mac/Library/Android/sdk/platform-tools/adb -P 5037 -s 28111FDH200H8V shell 'settings delete global hidden_api_policy_pre_p_apps;settings delete global hidden_api_policy_p_apps;settings delete global hidden_api_policy''
2025-04-12 13:43:35:390 [ae8e3fe5][Logcat] Stopping logcat capture
2025-04-12 13:43:35:393 [ae8e3fe5][AppiumDriver@0c57] Event 'newSessionStarted' logged at 1744465415392 (20:43:35 GMT+0700 (Indochina Time))
2025-04-12 13:43:35:397 [ae8e3fe5][AppiumDriver@0c57] Encountered internal error running command: Error: The instrumentation process cannot be initialized. Make sure the application under test does not crash and investigate the logcat output.
    at Object.errorWithException (/usr/local/lib/node_modules/appium/node_modules/@appium/support/lib/logging.js:41:45)
    at Object.errorAndThrow (/usr/local/lib/node_modules/appium/node_modules/@appium/support/lib/logging.js:44:18)
    at UiAutomator2Server.startSession (/Users/mac/.appium/node_modules/appium-uiautomator2-driver/lib/uiautomator2.js:291:18)
    at AndroidUiautomator2Driver.performSessionExecution (/Users/mac/.appium/node_modules/appium-uiautomator2-driver/lib/driver.ts:618:5)
    at AndroidUiautomator2Driver.startUiAutomator2Session (/Users/mac/.appium/node_modules/appium-uiautomator2-driver/lib/driver.ts:674:5)
    at AndroidUiautomator2Driver.createSession (/Users/mac/.appium/node_modules/appium-uiautomator2-driver/lib/driver.ts:407:22)
    at AppiumDriver.createSession (/usr/local/lib/node_modules/appium/lib/appium.js:392:35)
2025-04-12 13:43:35:420 [ae8e3fe5][HTTP] <-- POST /wd/hub/session 500 9735 ms - 774 
2025-04-12 13:43:37:363 [HTTP] --> GET /wd/hub/status {}
2025-04-12 13:43:37:363 [AppiumDriver@0c57] Calling AppiumDriver.getStatus() with args: []
2025-04-12 13:43:37:363 [AppiumDriver@0c57] Responding to client with driver.getStatus() result: {"ready":true,"message":"The server is ready to accept new connections","build":{"version":"2.17.1"}}
2025-04-12 13:43:37:364 [HTTP] <-- GET /wd/hub/status 200 1 ms - 111 
2025-04-12 13:43:37:377 [Appium] Received SIGTERM - shutting down
